{"uuid":"cf7dffe4-d777-4938-b246-955142db0d8c","historyId":"998793b4a074bff2371aa003929df3e0","testCaseId":"9f7f97e1f34d12301ac7dcc6aee99082","fullName":"src/test/resources/Features/RegisterAccount.feature:13","labels":[{"name":"host","value":"LAPTOP-J74MGAF4"},{"name":"thread","value":"5164@LAPTOP-J74MGAF4.main(1)"},{"name":"feature","value":"E-Commerce Shopping Application"},{"name":"story","value":"Verify User  Register the Account for E-Commerce Shopping Application"},{"name":"suite","value":"E-Commerce Shopping Application"},{"name":"testClass","value":"Verify User  Register the Account for E-Commerce Shopping Application"},{"name":"framework","value":"cucumber4jvm"},{"name":"language","value":"java"},{"name":"gherkin_uri","value":"file:///D:/java_intellij_Folder/Real_Time_Project/src/test/resources/Features/RegisterAccount.feature"},{"name":"package","value":"src.test.resources.Features.RegisterAccount_feature.E-Commerce Shopping Application"}],"links":[],"name":"Verify User  Register the Account for E-Commerce Shopping Application","status":"broken","statusDetails":{"known":false,"muted":false,"flaky":false,"message":"Unable to find element with locator By.xpath: //*[@title='My Account']\nFor documentation on this error, please visit: https://www.selenium.dev/documentation/webdriver/troubleshooting/errors#no-such-element-exception\nBuild info: version: '4.21.0', revision: '79ed462ef4'\nSystem info: os.name: 'Windows 11', os.arch: 'amd64', os.version: '10.0', java.version: '17.0.12'\nDriver info: driver.version: RemoteWebDriver","trace":"org.openqa.selenium.NoSuchElementException: Unable to find element with locator By.xpath: //*[@title='My Account']\nFor documentation on this error, please visit: https://www.selenium.dev/documentation/webdriver/troubleshooting/errors#no-such-element-exception\nBuild info: version: '4.21.0', revision: '79ed462ef4'\nSystem info: os.name: 'Windows 11', os.arch: 'amd64', os.version: '10.0', java.version: '17.0.12'\nDriver info: driver.version: RemoteWebDriver\r\n\tat org.openqa.selenium.remote.ElementLocation$ElementFinder$2.findElement(ElementLocation.java:168)\r\n\tat org.openqa.selenium.remote.ElementLocation.findElement(ElementLocation.java:59)\r\n\tat org.openqa.selenium.remote.RemoteWebDriver.findElement(RemoteWebDriver.java:355)\r\n\tat org.openqa.selenium.remote.RemoteWebDriver.findElement(RemoteWebDriver.java:349)\r\n\tat org.openqa.selenium.support.pagefactory.DefaultElementLocator.findElement(DefaultElementLocator.java:68)\r\n\tat org.openqa.selenium.support.pagefactory.internal.LocatingElementHandler.invoke(LocatingElementHandler.java:38)\r\n\tat jdk.proxy2/jdk.proxy2.$Proxy21.click(Unknown Source)\r\n\tat Pages_Module_POM.RegisterAccountPage.ClickOnAccountButton(RegisterAccountPage.java:22)\r\n\tat org.StepDefinitions.RegisterAccount.click_on_register_account_button(RegisterAccount.java:20)\r\n\tat ✽.Click on register account button(file:///D:/java_intellij_Folder/Real_Time_Project/src/test/resources/Features/RegisterAccount.feature:4)\r\n"},"stage":"finished","steps":[{"name":"Given Click on register account button","status":"broken","statusDetails":{"known":false,"muted":false,"flaky":false,"message":"Unable to find element with locator By.xpath: //*[@title='My Account']\nFor documentation on this error, please visit: https://www.selenium.dev/documentation/webdriver/troubleshooting/errors#no-such-element-exception\nBuild info: version: '4.21.0', revision: '79ed462ef4'\nSystem info: os.name: 'Windows 11', os.arch: 'amd64', os.version: '10.0', java.version: '17.0.12'\nDriver info: driver.version: RemoteWebDriver","trace":"org.openqa.selenium.NoSuchElementException: Unable to find element with locator By.xpath: //*[@title='My Account']\nFor documentation on this error, please visit: https://www.selenium.dev/documentation/webdriver/troubleshooting/errors#no-such-element-exception\nBuild info: version: '4.21.0', revision: '79ed462ef4'\nSystem info: os.name: 'Windows 11', os.arch: 'amd64', os.version: '10.0', java.version: '17.0.12'\nDriver info: driver.version: RemoteWebDriver\r\n\tat org.openqa.selenium.remote.ElementLocation$ElementFinder$2.findElement(ElementLocation.java:168)\r\n\tat org.openqa.selenium.remote.ElementLocation.findElement(ElementLocation.java:59)\r\n\tat org.openqa.selenium.remote.RemoteWebDriver.findElement(RemoteWebDriver.java:355)\r\n\tat org.openqa.selenium.remote.RemoteWebDriver.findElement(RemoteWebDriver.java:349)\r\n\tat org.openqa.selenium.support.pagefactory.DefaultElementLocator.findElement(DefaultElementLocator.java:68)\r\n\tat org.openqa.selenium.support.pagefactory.internal.LocatingElementHandler.invoke(LocatingElementHandler.java:38)\r\n\tat jdk.proxy2/jdk.proxy2.$Proxy21.click(Unknown Source)\r\n\tat Pages_Module_POM.RegisterAccountPage.ClickOnAccountButton(RegisterAccountPage.java:22)\r\n\tat org.StepDefinitions.RegisterAccount.click_on_register_account_button(RegisterAccount.java:20)\r\n\tat ✽.Click on register account button(file:///D:/java_intellij_Folder/Real_Time_Project/src/test/resources/Features/RegisterAccount.feature:4)\r\n"},"stage":"finished","steps":[],"attachments":[],"parameters":[],"start":1762077502121,"stop":1762077504202},{"name":"Then User enters all persanal details \"\",\"\",\"\", \"\" ,\"\", \"\"","status":"skipped","statusDetails":{"known":false,"muted":false,"flaky":false},"stage":"finished","steps":[],"attachments":[],"parameters":[],"start":1762077504202,"stop":1762077504202},{"name":"When Check radio button for subscriber \"\"","status":"skipped","statusDetails":{"known":false,"muted":false,"flaky":false},"stage":"finished","steps":[],"attachments":[],"parameters":[],"start":1762077504202,"stop":1762077504202},{"name":"Then Select check box button for read and aggree permission \"\"","status":"skipped","statusDetails":{"known":false,"muted":false,"flaky":false},"stage":"finished","steps":[],"attachments":[],"parameters":[],"start":1762077504202,"stop":1762077504202},{"name":"When Click on continue button","status":"skipped","statusDetails":{"known":false,"muted":false,"flaky":false},"stage":"finished","steps":[],"attachments":[],"parameters":[],"start":1762077504202,"stop":1762077504202}],"attachments":[],"parameters":[{"name":"FirstName","value":""},{"name":"","value":""},{"name":"LastName","value":""},{"name":"E-Mail","value":""},{"name":"Telephone","value":""},{"name":"Password","value":""},{"name":"PasswordConfirm","value":""},{"name":"Newsletter","value":""},{"name":"AgrreeButtonCheckBoxx","value":""}],"start":1762077496368,"stop":1762077504356}